<?xml version="1.0" encoding="UTF-8"?>
<testng-results ignored="0" total="1" passed="1" failed="0" skipped="0">
  <reporter-output>
  </reporter-output>
  <suite started-at="2024-09-12T16:15:33 IST" name="Default suite" finished-at="2024-09-12T16:15:36 IST" duration-ms="2738">
    <groups>
    </groups>
    <test started-at="2024-09-12T16:15:33 IST" name="Default test" finished-at="2024-09-12T16:15:36 IST" duration-ms="2738">
      <class name="com.testng.selenium.v1.testng1">
        <test-method is-config="true" signature="setUp()[pri:0, instance:com.testng.selenium.v1.testng1@52e6fdee]" started-at="2024-09-12T16:15:33 IST" name="setUp" finished-at="2024-09-12T16:15:35 IST" duration-ms="1426" status="PASS">
          <reporter-output>
          </reporter-output>
        </test-method> <!-- setUp -->
        <test-method signature="loadUrlTest()[pri:0, instance:com.testng.selenium.v1.testng1@52e6fdee]" started-at="2024-09-12T16:15:35 IST" name="loadUrlTest" finished-at="2024-09-12T16:15:36 IST" duration-ms="1099" status="PASS">
          <reporter-output>
          </reporter-output>
        </test-method> <!-- loadUrlTest -->
        <test-method is-config="true" signature="tearDown()[pri:0, instance:com.testng.selenium.v1.testng1@52e6fdee]" started-at="2024-09-12T16:15:36 IST" name="tearDown" finished-at="2024-09-12T16:15:36 IST" duration-ms="175" status="PASS">
          <reporter-output>
          </reporter-output>
        </test-method> <!-- tearDown -->
      </class> <!-- com.testng.selenium.v1.testng1 -->
    </test> <!-- Default test -->
  </suite> <!-- Default suite -->
</testng-results>
